Using pre-set license
Built from '2021.3/staging' branch; Version is '2021.3.5f1 (40eb3a945986) revision 4254522'; Using compiler version '192829333'; Build Type 'Release'
OS: 'Windows 10  (10.0.19044) 64bit Professional' Language: 'en' Physical Memory: 32692 MB
BatchMode: 1, IsHumanControllingUs: 0, StartBugReporterOnCrash: 0, Is64bit: 1, IsPro: 1

COMMAND LINE ARGUMENTS:
C:\Program Files\Unity\Hub\Editor\2021.3.5f1\Editor\Unity.exe
-adb2
-batchMode
-noUpm
-name
AssetImportWorker0
-projectPath
C:/Users/jackg/CarKart_
-logFile
Logs/AssetImportWorker0.log
-srvPort
52126
Successfully changed project path to: C:/Users/jackg/CarKart_
C:/Users/jackg/CarKart_
[UnityMemory] Configuration Parameters - Can be set up in boot.config
    "memorysetup-bucket-allocator-granularity=16"
    "memorysetup-bucket-allocator-bucket-count=8"
    "memorysetup-bucket-allocator-block-size=33554432"
    "memorysetup-bucket-allocator-block-count=8"
    "memorysetup-main-allocator-block-size=16777216"
    "memorysetup-thread-allocator-block-size=16777216"
    "memorysetup-gfx-main-allocator-block-size=16777216"
    "memorysetup-gfx-thread-allocator-block-size=16777216"
    "memorysetup-cache-allocator-block-size=4194304"
    "memorysetup-typetree-allocator-block-size=2097152"
    "memorysetup-profiler-bucket-allocator-granularity=16"
    "memorysetup-profiler-bucket-allocator-bucket-count=8"
    "memorysetup-profiler-bucket-allocator-block-size=33554432"
    "memorysetup-profiler-bucket-allocator-block-count=8"
    "memorysetup-profiler-allocator-block-size=16777216"
    "memorysetup-profiler-editor-allocator-block-size=1048576"
    "memorysetup-temp-allocator-size-main=16777216"
    "memorysetup-job-temp-allocator-block-size=2097152"
    "memorysetup-job-temp-allocator-block-size-background=1048576"
    "memorysetup-job-temp-allocator-reduction-small-platforms=262144"
    "memorysetup-temp-allocator-size-background-worker=32768"
    "memorysetup-temp-allocator-size-job-worker=262144"
    "memorysetup-temp-allocator-size-preload-manager=33554432"
    "memorysetup-temp-allocator-size-nav-mesh-worker=65536"
    "memorysetup-temp-allocator-size-audio-worker=65536"
    "memorysetup-temp-allocator-size-cloud-worker=32768"
    "memorysetup-temp-allocator-size-gi-baking-worker=262144"
    "memorysetup-temp-allocator-size-gfx=262144"
Refreshing native plugins compatible for Editor in 69.19 ms, found 3 plugins.
Preloading 0 native plugins for Editor in 0.00 ms.
Initialize engine version: 2021.3.5f1 (40eb3a945986)
[Subsystems] Discovering subsystems at path C:/Program Files/Unity/Hub/Editor/2021.3.5f1/Editor/Data/Resources/UnitySubsystems
[Subsystems] Discovering subsystems at path C:/Users/jackg/CarKart_/Assets
GfxDevice: creating device client; threaded=0; jobified=0
Direct3D:
    Version:  Direct3D 11.0 [level 11.1]
    Renderer: NVIDIA GeForce RTX 2060 (ID=0x1e89)
    Vendor:   NVIDIA
    VRAM:     5968 MB
    Driver:   31.0.15.1694
Initialize mono
Mono path[0] = 'C:/Program Files/Unity/Hub/Editor/2021.3.5f1/Editor/Data/Managed'
Mono path[1] = 'C:/Program Files/Unity/Hub/Editor/2021.3.5f1/Editor/Data/MonoBleedingEdge/lib/mono/unityjit-win32'
Mono config path = 'C:/Program Files/Unity/Hub/Editor/2021.3.5f1/Editor/Data/MonoBleedingEdge/etc'
Using monoOptions --debugger-agent=transport=dt_socket,embedding=1,server=y,suspend=n,address=127.0.0.1:56624
Begin MonoManager ReloadAssembly
Registering precompiled unity dll's ...
Register platform support module: C:/Program Files/Unity/Hub/Editor/2021.3.5f1/Editor/Data/PlaybackEngines/WebGLSupport/UnityEditor.WebGL.Extensions.dll
Register platform support module: C:/Program Files/Unity/Hub/Editor/2021.3.5f1/Editor/Data/PlaybackEngines/WindowsStandaloneSupport/UnityEditor.WindowsStandalone.Extensions.dll
Registered in 0.008550 seconds.
Native extension for WindowsStandalone target not found
Native extension for WebGL target not found
Refreshing native plugins compatible for Editor in 64.89 ms, found 3 plugins.
Preloading 0 native plugins for Editor in 0.00 ms.
Mono: successfully reloaded assembly
- Completed reload, in  0.514 seconds
Domain Reload Profiling:
	ReloadAssembly (514ms)
		BeginReloadAssembly (69ms)
			ExecutionOrderSort (0ms)
			DisableScriptedObjects (0ms)
			BackupInstance (0ms)
			ReleaseScriptingObjects (0ms)
			CreateAndSetChildDomain (1ms)
		EndReloadAssembly (356ms)
			LoadAssemblies (67ms)
			RebuildTransferFunctionScriptingTraits (0ms)
			SetupTypeCache (86ms)
			ReleaseScriptCaches (0ms)
			RebuildScriptCaches (20ms)
			SetupLoadedEditorAssemblies (210ms)
				LogAssemblyErrors (0ms)
				InitializePlatformSupportModulesInManaged (9ms)
				SetLoadedEditorAssemblies (0ms)
				RefreshPlugins (65ms)
				BeforeProcessingInitializeOnLoad (1ms)
				ProcessInitializeOnLoadAttributes (103ms)
				ProcessInitializeOnLoadMethodAttributes (32ms)
				AfterProcessingInitializeOnLoad (0ms)
				EditorAssembliesLoaded (0ms)
			ExecutionOrderSort2 (0ms)
			AwakeInstancesAfterBackupRestoration (0ms)
Platform modules already initialized, skipping
Registering precompiled user dll's ...
Registered in 0.007919 seconds.
Begin MonoManager ReloadAssembly
Symbol file LoadedFromMemory doesn't match image C:\Users\jackg\CarKart_\Library\PackageCache\com.unity.visualscripting@1.7.8\Editor\VisualScripting.Core\Dependencies\YamlDotNet\Unity.VisualScripting.YamlDotNet.dll
Symbol file LoadedFromMemory doesn't match image C:\Users\jackg\CarKart_\Library\PackageCache\com.unity.visualscripting@1.7.8\Editor\VisualScripting.Core\Dependencies\DotNetZip\Unity.VisualScripting.IonicZip.dll
Native extension for WindowsStandalone target not found
Native extension for WebGL target not found
Refreshing native plugins compatible for Editor in 61.25 ms, found 3 plugins.
Preloading 0 native plugins for Editor in 0.00 ms.
Mono: successfully reloaded assembly
- Completed reload, in  0.907 seconds
Domain Reload Profiling:
	ReloadAssembly (908ms)
		BeginReloadAssembly (106ms)
			ExecutionOrderSort (0ms)
			DisableScriptedObjects (5ms)
			BackupInstance (0ms)
			ReleaseScriptingObjects (0ms)
			CreateAndSetChildDomain (18ms)
		EndReloadAssembly (713ms)
			LoadAssemblies (93ms)
			RebuildTransferFunctionScriptingTraits (0ms)
			SetupTypeCache (183ms)
			ReleaseScriptCaches (1ms)
			RebuildScriptCaches (35ms)
			SetupLoadedEditorAssemblies (386ms)
				LogAssemblyErrors (0ms)
				InitializePlatformSupportModulesInManaged (5ms)
				SetLoadedEditorAssemblies (0ms)
				RefreshPlugins (61ms)
				BeforeProcessingInitializeOnLoad (78ms)
				ProcessInitializeOnLoadAttributes (215ms)
				ProcessInitializeOnLoadMethodAttributes (17ms)
				AfterProcessingInitializeOnLoad (9ms)
				EditorAssembliesLoaded (0ms)
			ExecutionOrderSort2 (0ms)
			AwakeInstancesAfterBackupRestoration (5ms)
Platform modules already initialized, skipping
========================================================================
Worker process is ready to serve import requests
Launched and connected shader compiler UnityShaderCompiler.exe after 0.05 seconds
Refreshing native plugins compatible for Editor in 0.69 ms, found 3 plugins.
Preloading 0 native plugins for Editor in 0.00 ms.
Unloading 3708 Unused Serialized files (Serialized files now loaded: 0)
Unloading 30 unused Assets / (111.5 KB). Loaded Objects now: 4168.
Memory consumption went from 131.6 MB to 131.5 MB.
Total: 3.203400 ms (FindLiveObjects: 0.267700 ms CreateObjectMapping: 0.101000 ms MarkObjects: 2.732400 ms  DeleteObjects: 0.101500 ms)

AssetImportParameters requested are different than current active one (requested -> active):
  custom:video-decoder-ogg-theora: a1e56fd34408186e4bbccfd4996cb3dc -> 
  custom:container-muxer-webm: aa71ff27fc2769a1b78a27578f13a17b -> 
  custom:container-demuxer-webm: 4f35f7cbe854078d1ac9338744f61a02 -> 
  custom:video-encoder-webm-vp8: eb34c28f22e8b96e1ab97ce403110664 -> 
  custom:audio-encoder-webm-vorbis: bf7c407c2cedff20999df2af8eb42d56 -> 
  custom:framework-win-MediaFoundation: 216162199b28c13a410421893ffa2e32 -> 
  custom:container-demuxer-ogg: 62fdf1f143b41e24485cea50d1cbac27 -> 
  custom:video-decoder-webm-vp8: 9c59270c3fd7afecdb556c50c9e8de78 -> 
  custom:audio-decoder-ogg-vorbis: bf7c407c2cedff20999df2af8eb42d56 -> 
========================================================================
Received Import Request.
  Time since last request: 896349.626913 seconds.
  path: Assets/BrokenVector/LowPolyRoadPack/Models/Car 2.dae
  artifactKey: Guid(77034832b22fef34387efcaeb7127eaa) Importer(815301076,1909f56bfc062723c751e8b465ee728b)
Start importing Assets/BrokenVector/LowPolyRoadPack/Models/Car 2.dae using Guid(77034832b22fef34387efcaeb7127eaa) Importer(815301076,1909f56bfc062723c751e8b465ee728b)  -> (artifact id: '3e9fd6ab974e3b2d03f0ba324435e06a') in 0.245471 seconds 
========================================================================
Received Import Request.
  Time since last request: 0.000018 seconds.
  path: Assets/BrokenVector/LowPolyRoadPack/Models/Car 1.dae
  artifactKey: Guid(26e8d194fbf5bca409d8e2a931e7a028) Importer(815301076,1909f56bfc062723c751e8b465ee728b)
Start importing Assets/BrokenVector/LowPolyRoadPack/Models/Car 1.dae using Guid(26e8d194fbf5bca409d8e2a931e7a028) Importer(815301076,1909f56bfc062723c751e8b465ee728b)  -> (artifact id: 'ae68f1c77ff4073bfc2db2600a1b2817') in 0.081734 seconds 
========================================================================
Received Import Request.
  Time since last request: 104.536490 seconds.
  path: Assets/BrokenVector/LowPolyRoadPack/Models/Freeway S-Curve.dae
  artifactKey: Guid(a6f8c6c7f9b109c45b54b4ea3ab2256b) Importer(815301076,1909f56bfc062723c751e8b465ee728b)
Start importing Assets/BrokenVector/LowPolyRoadPack/Models/Freeway S-Curve.dae using Guid(a6f8c6c7f9b109c45b54b4ea3ab2256b) Importer(815301076,1909f56bfc062723c751e8b465ee728b)  -> (artifact id: '97d9add0d7258abd8a85213ac5a9f229') in 0.021053 seconds 
========================================================================
Received Import Request.
  Time since last request: 0.000016 seconds.
  path: Assets/BrokenVector/LowPolyRoadPack/Models/Highway Bridge 2.dae
  artifactKey: Guid(306a3142baf3c0f48acf183ab9a53a05) Importer(815301076,1909f56bfc062723c751e8b465ee728b)
Start importing Assets/BrokenVector/LowPolyRoadPack/Models/Highway Bridge 2.dae using Guid(306a3142baf3c0f48acf183ab9a53a05) Importer(815301076,1909f56bfc062723c751e8b465ee728b)  -> (artifact id: 'ba93a051bf606ff71affe60a1f14c882') in 0.019876 seconds 
========================================================================
Received Import Request.
  Time since last request: 0.000017 seconds.
  path: Assets/BrokenVector/LowPolyRoadPack/Models/Highway Bridge 1.dae
  artifactKey: Guid(de9f00a88308eb741b7da04ed6699c0b) Importer(815301076,1909f56bfc062723c751e8b465ee728b)
Start importing Assets/BrokenVector/LowPolyRoadPack/Models/Highway Bridge 1.dae using Guid(de9f00a88308eb741b7da04ed6699c0b) Importer(815301076,1909f56bfc062723c751e8b465ee728b)  -> (artifact id: '5b94e9757b62d2ae0e0ea554a6c31593') in 0.022734 seconds 
========================================================================
Received Import Request.
  Time since last request: 3.433822 seconds.
  path: Assets/BrokenVector/LowPolyRoadPack/Models/Highway Cross Road.dae
  artifactKey: Guid(cfcf77940ff021942bc50517e56d54cb) Importer(815301076,1909f56bfc062723c751e8b465ee728b)
Start importing Assets/BrokenVector/LowPolyRoadPack/Models/Highway Cross Road.dae using Guid(cfcf77940ff021942bc50517e56d54cb) Importer(815301076,1909f56bfc062723c751e8b465ee728b)  -> (artifact id: '3a7c67ef19bd802723d1b4a340fb9f60') in 0.019779 seconds 
========================================================================
Received Import Request.
  Time since last request: 0.086957 seconds.
  path: Assets/BrokenVector/LowPolyRoadPack/Models/Highway Curve 2.dae
  artifactKey: Guid(c8674672f487bf348a47866ff0632e94) Importer(815301076,1909f56bfc062723c751e8b465ee728b)
Start importing Assets/BrokenVector/LowPolyRoadPack/Models/Highway Curve 2.dae using Guid(c8674672f487bf348a47866ff0632e94) Importer(815301076,1909f56bfc062723c751e8b465ee728b)  -> (artifact id: '54e969dd03c56ca342f51e0a0666f494') in 0.020962 seconds 
========================================================================
Received Import Request.
  Time since last request: 1.053901 seconds.
  path: Assets/BrokenVector/LowPolyRoadPack/Models/Highway Join Highway 2.dae
  artifactKey: Guid(df7aef7b3f5b34f438e1f16d9f25c832) Importer(815301076,1909f56bfc062723c751e8b465ee728b)
Start importing Assets/BrokenVector/LowPolyRoadPack/Models/Highway Join Highway 2.dae using Guid(df7aef7b3f5b34f438e1f16d9f25c832) Importer(815301076,1909f56bfc062723c751e8b465ee728b)  -> (artifact id: '39de59ae4042bb72b45f5049e43ddf43') in 0.029257 seconds 
========================================================================
Received Import Request.
  Time since last request: 0.000014 seconds.
  path: Assets/BrokenVector/LowPolyRoadPack/Models/Highway Straight 1.dae
  artifactKey: Guid(ef63e826ce0e5e94fa9002fc1c038b66) Importer(815301076,1909f56bfc062723c751e8b465ee728b)
Start importing Assets/BrokenVector/LowPolyRoadPack/Models/Highway Straight 1.dae using Guid(ef63e826ce0e5e94fa9002fc1c038b66) Importer(815301076,1909f56bfc062723c751e8b465ee728b)  -> (artifact id: '7e8b40179265775e6a7692912296d586') in 0.019274 seconds 
========================================================================
Received Import Request.
  Time since last request: 0.000017 seconds.
  path: Assets/BrokenVector/LowPolyRoadPack/Demo/Landscape/Houses.001.dae
  artifactKey: Guid(5040aa18d61033e489ea9265c4f2cca4) Importer(815301076,1909f56bfc062723c751e8b465ee728b)
Start importing Assets/BrokenVector/LowPolyRoadPack/Demo/Landscape/Houses.001.dae using Guid(5040aa18d61033e489ea9265c4f2cca4) Importer(815301076,1909f56bfc062723c751e8b465ee728b)  -> (artifact id: 'ee36743c97d16f00cb75379e9f4482c0') in 0.027080 seconds 
========================================================================
Received Import Request.
  Time since last request: 0.000029 seconds.
  path: Assets/BrokenVector/LowPolyRoadPack/Demo/Landscape/Houses.003.dae
  artifactKey: Guid(b2458df65032dda41b5421b69f657d9a) Importer(815301076,1909f56bfc062723c751e8b465ee728b)
Start importing Assets/BrokenVector/LowPolyRoadPack/Demo/Landscape/Houses.003.dae using Guid(b2458df65032dda41b5421b69f657d9a) Importer(815301076,1909f56bfc062723c751e8b465ee728b)  -> (artifact id: '2559e86555960118101b4183ba96f2ca') in 0.019522 seconds 
========================================================================
Received Import Request.
  Time since last request: 0.000017 seconds.
  path: Assets/BrokenVector/LowPolyRoadPack/Models/Highway Straight 2.dae
  artifactKey: Guid(da1a0020a373025418e1119879ed8146) Importer(815301076,1909f56bfc062723c751e8b465ee728b)
Start importing Assets/BrokenVector/LowPolyRoadPack/Models/Highway Straight 2.dae using Guid(da1a0020a373025418e1119879ed8146) Importer(815301076,1909f56bfc062723c751e8b465ee728b)  -> (artifact id: '44c8c41e0b6afc67f3d93d7107733698') in 0.020660 seconds 
========================================================================
Received Import Request.
  Time since last request: 0.183108 seconds.
  path: Assets/BrokenVector/LowPolyRoadPack/Demo/Landscape/Houses.004.dae
  artifactKey: Guid(f9b12965751b78e4d807b064d0420bb9) Importer(815301076,1909f56bfc062723c751e8b465ee728b)
Start importing Assets/BrokenVector/LowPolyRoadPack/Demo/Landscape/Houses.004.dae using Guid(f9b12965751b78e4d807b064d0420bb9) Importer(815301076,1909f56bfc062723c751e8b465ee728b)  -> (artifact id: '1334aaf95a95d608e4c75e1538e7e08e') in 0.031886 seconds 
========================================================================
Received Import Request.
  Time since last request: 0.000015 seconds.
  path: Assets/BrokenVector/LowPolyRoadPack/Demo/Landscape/Houses.007.dae
  artifactKey: Guid(3e00f6b092fa0844290d6e031b6aa3db) Importer(815301076,1909f56bfc062723c751e8b465ee728b)
Start importing Assets/BrokenVector/LowPolyRoadPack/Demo/Landscape/Houses.007.dae using Guid(3e00f6b092fa0844290d6e031b6aa3db) Importer(815301076,1909f56bfc062723c751e8b465ee728b)  -> (artifact id: '6a2f0d04654bb79ae7657b7e3b83d73f') in 0.018300 seconds 
========================================================================
Received Import Request.
  Time since last request: 0.000014 seconds.
  path: Assets/BrokenVector/LowPolyRoadPack/Demo/Landscape/Houses.008.dae
  artifactKey: Guid(2296d07369e67c646b2d0d7f242d8449) Importer(815301076,1909f56bfc062723c751e8b465ee728b)
Start importing Assets/BrokenVector/LowPolyRoadPack/Demo/Landscape/Houses.008.dae using Guid(2296d07369e67c646b2d0d7f242d8449) Importer(815301076,1909f56bfc062723c751e8b465ee728b)  -> (artifact id: 'b2f3d4a47bbfb57d06671ac335eef897') in 0.020381 seconds 
========================================================================
Received Import Request.
  Time since last request: 0.000015 seconds.
  path: Assets/BrokenVector/LowPolyRoadPack/Demo/Landscape/Houses.013.dae
  artifactKey: Guid(facee1ea21c798142b0bbba6183d9d69) Importer(815301076,1909f56bfc062723c751e8b465ee728b)
Start importing Assets/BrokenVector/LowPolyRoadPack/Demo/Landscape/Houses.013.dae using Guid(facee1ea21c798142b0bbba6183d9d69) Importer(815301076,1909f56bfc062723c751e8b465ee728b)  -> (artifact id: '49838fd93250e3ea2b499633ea57f845') in 0.020455 seconds 
========================================================================
Received Import Request.
  Time since last request: 0.000013 seconds.
  path: Assets/BrokenVector/LowPolyRoadPack/Models/Parkinglot Corner 3.dae
  artifactKey: Guid(1adf648894424ae47bca5445562efba8) Importer(815301076,1909f56bfc062723c751e8b465ee728b)
Start importing Assets/BrokenVector/LowPolyRoadPack/Models/Parkinglot Corner 3.dae using Guid(1adf648894424ae47bca5445562efba8) Importer(815301076,1909f56bfc062723c751e8b465ee728b)  -> (artifact id: '7047055fccdbce9c4a4df0670a823742') in 0.017058 seconds 
========================================================================
Received Import Request.
  Time since last request: 0.000015 seconds.
  path: Assets/BrokenVector/LowPolyRoadPack/Models/Parkinglot Edge 4.dae
  artifactKey: Guid(de7d72739316cac4eae2ef92efa78c8d) Importer(815301076,1909f56bfc062723c751e8b465ee728b)
Start importing Assets/BrokenVector/LowPolyRoadPack/Models/Parkinglot Edge 4.dae using Guid(de7d72739316cac4eae2ef92efa78c8d) Importer(815301076,1909f56bfc062723c751e8b465ee728b)  -> (artifact id: 'ce9d57044db91e0e9e636fe5e520590d') in 0.019226 seconds 
========================================================================
Received Import Request.
  Time since last request: 0.000013 seconds.
  path: Assets/BrokenVector/LowPolyRoadPack/Models/Parkinglot Edge 3.dae
  artifactKey: Guid(6b8e147014e34144f90043861e0abe99) Importer(815301076,1909f56bfc062723c751e8b465ee728b)
Start importing Assets/BrokenVector/LowPolyRoadPack/Models/Parkinglot Edge 3.dae using Guid(6b8e147014e34144f90043861e0abe99) Importer(815301076,1909f56bfc062723c751e8b465ee728b)  -> (artifact id: 'c2c8ddc44cec1679583dbda43beabb3a') in 0.018551 seconds 
========================================================================
Received Import Request.
  Time since last request: 0.000017 seconds.
  path: Assets/BrokenVector/LowPolyRoadPack/Models/Road Cross SIngleLane.dae
  artifactKey: Guid(24e6433201fc69a44bf1c8f256d8b997) Importer(815301076,1909f56bfc062723c751e8b465ee728b)
Start importing Assets/BrokenVector/LowPolyRoadPack/Models/Road Cross SIngleLane.dae using Guid(24e6433201fc69a44bf1c8f256d8b997) Importer(815301076,1909f56bfc062723c751e8b465ee728b)  -> (artifact id: 'bcaa65ca05521e16495aba9b5c942d74') in 0.019658 seconds 
========================================================================
Received Import Request.
  Time since last request: 0.000024 seconds.
  path: Assets/BrokenVector/LowPolyRoadPack/Models/Road S-Curve.dae
  artifactKey: Guid(1f10034eb2d822e47b73756fa15f8b69) Importer(815301076,1909f56bfc062723c751e8b465ee728b)
Start importing Assets/BrokenVector/LowPolyRoadPack/Models/Road S-Curve.dae using Guid(1f10034eb2d822e47b73756fa15f8b69) Importer(815301076,1909f56bfc062723c751e8b465ee728b)  -> (artifact id: 'f3fbb806e61789aba5e36606996eafb8') in 0.019600 seconds 
========================================================================
Received Import Request.
  Time since last request: 0.000015 seconds.
  path: Assets/BrokenVector/LowPolyRoadPack/Models/Road Straight 1.dae
  artifactKey: Guid(b4923c0dba942fa43a6c6e6831a89113) Importer(815301076,1909f56bfc062723c751e8b465ee728b)
Start importing Assets/BrokenVector/LowPolyRoadPack/Models/Road Straight 1.dae using Guid(b4923c0dba942fa43a6c6e6831a89113) Importer(815301076,1909f56bfc062723c751e8b465ee728b)  -> (artifact id: '04a1acbc6aa8fc703e9a4cd600388b9a') in 0.018055 seconds 
========================================================================
Received Import Request.
  Time since last request: 0.000015 seconds.
  path: Assets/BrokenVector/LowPolyRoadPack/Models/SingleLane S-Curve.dae
  artifactKey: Guid(e033f669abc057d4ab3801af0792f88a) Importer(815301076,1909f56bfc062723c751e8b465ee728b)
Start importing Assets/BrokenVector/LowPolyRoadPack/Models/SingleLane S-Curve.dae using Guid(e033f669abc057d4ab3801af0792f88a) Importer(815301076,1909f56bfc062723c751e8b465ee728b)  -> (artifact id: '10419bf7d2c121026cbf34c633be168f') in 0.017007 seconds 
========================================================================
Received Import Request.
  Time since last request: 0.000014 seconds.
  path: Assets/BrokenVector/LowPolyRoadPack/Models/SingleLane Curve.dae
  artifactKey: Guid(61ebcd8c80cab1a4e9864d570e883fe2) Importer(815301076,1909f56bfc062723c751e8b465ee728b)
Start importing Assets/BrokenVector/LowPolyRoadPack/Models/SingleLane Curve.dae using Guid(61ebcd8c80cab1a4e9864d570e883fe2) Importer(815301076,1909f56bfc062723c751e8b465ee728b)  -> (artifact id: '2feb1b100c9bbe4e7819404c77727cf0') in 0.017436 seconds 
========================================================================
Received Import Request.
  Time since last request: 0.000014 seconds.
  path: Assets/BrokenVector/LowPolyRoadPack/Models/Road Looping.dae
  artifactKey: Guid(3489a6b45e153324991c8f803c6e0bb3) Importer(815301076,1909f56bfc062723c751e8b465ee728b)
Start importing Assets/BrokenVector/LowPolyRoadPack/Models/Road Looping.dae using Guid(3489a6b45e153324991c8f803c6e0bb3) Importer(815301076,1909f56bfc062723c751e8b465ee728b)  -> (artifact id: '1cd283ee49027387c965b3a75b24fcd7') in 0.015545 seconds 
========================================================================
Received Import Request.
  Time since last request: 0.000015 seconds.
  path: Assets/BrokenVector/LowPolyRoadPack/Models/Parkinglot Center 3.dae
  artifactKey: Guid(84f030ebdfeda2448bc8b294323ceeec) Importer(815301076,1909f56bfc062723c751e8b465ee728b)
Start importing Assets/BrokenVector/LowPolyRoadPack/Models/Parkinglot Center 3.dae using Guid(84f030ebdfeda2448bc8b294323ceeec) Importer(815301076,1909f56bfc062723c751e8b465ee728b)  -> (artifact id: '3928aa54821d73c274feec35c0b04a26') in 0.018220 seconds 
========================================================================
Received Import Request.
  Time since last request: 0.000015 seconds.
  path: Assets/BrokenVector/LowPolyRoadPack/Models/Road Join SIngleLane.dae
  artifactKey: Guid(b85b6366741d14e4a96828e1afad90e0) Importer(815301076,1909f56bfc062723c751e8b465ee728b)
Start importing Assets/BrokenVector/LowPolyRoadPack/Models/Road Join SIngleLane.dae using Guid(b85b6366741d14e4a96828e1afad90e0) Importer(815301076,1909f56bfc062723c751e8b465ee728b)  -> (artifact id: '40409773bb40338f56e1ce60603318ba') in 0.017153 seconds 
========================================================================
Received Import Request.
  Time since last request: 0.000017 seconds.
  path: Assets/BrokenVector/LowPolyRoadPack/Models/Road Jump.dae
  artifactKey: Guid(0f18aa325d40e124db7ca43efb3adacf) Importer(815301076,1909f56bfc062723c751e8b465ee728b)
Start importing Assets/BrokenVector/LowPolyRoadPack/Models/Road Jump.dae using Guid(0f18aa325d40e124db7ca43efb3adacf) Importer(815301076,1909f56bfc062723c751e8b465ee728b)  -> (artifact id: '6c5855d38280ef2fab537bb88a3cdcad') in 0.015644 seconds 
========================================================================
Received Import Request.
  Time since last request: 0.000015 seconds.
  path: Assets/BrokenVector/LowPolyRoadPack/Demo/Landscape/Mountain.dae
  artifactKey: Guid(f494957cbd9ff2b498af112b5c3ea4d8) Importer(815301076,1909f56bfc062723c751e8b465ee728b)
Start importing Assets/BrokenVector/LowPolyRoadPack/Demo/Landscape/Mountain.dae using Guid(f494957cbd9ff2b498af112b5c3ea4d8) Importer(815301076,1909f56bfc062723c751e8b465ee728b)  -> (artifact id: '6918a0c5f0b69c62146bb97ddf4bc578') in 0.020475 seconds 
========================================================================
Received Import Request.
  Time since last request: 0.000015 seconds.
  path: Assets/BrokenVector/LowPolyRoadPack/Demo/Landscape/Houses.009.dae
  artifactKey: Guid(46908de83c0ca15498206df2dc007ea0) Importer(815301076,1909f56bfc062723c751e8b465ee728b)
Start importing Assets/BrokenVector/LowPolyRoadPack/Demo/Landscape/Houses.009.dae using Guid(46908de83c0ca15498206df2dc007ea0) Importer(815301076,1909f56bfc062723c751e8b465ee728b)  -> (artifact id: 'caf5e01612b6950f66898161eb300bf5') in 0.018796 seconds 
========================================================================
Received Import Request.
  Time since last request: 0.000021 seconds.
  path: Assets/BrokenVector/LowPolyRoadPack/Models/Parkinglot Center 2.dae
  artifactKey: Guid(76b865b0d72af07469dfd0128ca936bd) Importer(815301076,1909f56bfc062723c751e8b465ee728b)
Start importing Assets/BrokenVector/LowPolyRoadPack/Models/Parkinglot Center 2.dae using Guid(76b865b0d72af07469dfd0128ca936bd) Importer(815301076,1909f56bfc062723c751e8b465ee728b)  -> (artifact id: 'a7a270056c660ecb6e64a5d654246544') in 0.016025 seconds 
========================================================================
Received Import Request.
  Time since last request: 0.000014 seconds.
  path: Assets/BrokenVector/LowPolyRoadPack/Demo/Landscape/Houses.010.dae
  artifactKey: Guid(960597deba6aae644952d370b3c462a6) Importer(815301076,1909f56bfc062723c751e8b465ee728b)
Start importing Assets/BrokenVector/LowPolyRoadPack/Demo/Landscape/Houses.010.dae using Guid(960597deba6aae644952d370b3c462a6) Importer(815301076,1909f56bfc062723c751e8b465ee728b)  -> (artifact id: 'afb6f6c945dbe1df4fe13c7f266d08e5') in 0.019079 seconds 
========================================================================
Received Import Request.
  Time since last request: 0.000016 seconds.
  path: Assets/BrokenVector/LowPolyRoadPack/Models/Parkinglot Center 1.dae
  artifactKey: Guid(ea3f0b0f36c78ca4282e2e49f378cef1) Importer(815301076,1909f56bfc062723c751e8b465ee728b)
Start importing Assets/BrokenVector/LowPolyRoadPack/Models/Parkinglot Center 1.dae using Guid(ea3f0b0f36c78ca4282e2e49f378cef1) Importer(815301076,1909f56bfc062723c751e8b465ee728b)  -> (artifact id: 'e2d2ff59597bc419f4cce3defa751786') in 0.016257 seconds 
========================================================================
Received Import Request.
  Time since last request: 0.954057 seconds.
  path: Assets/BrokenVector/LowPolyRoadPack/Models/Freeway Join Road.dae
  artifactKey: Guid(5548c48b8a63235488a0afe4b462749d) Importer(815301076,1909f56bfc062723c751e8b465ee728b)
Start importing Assets/BrokenVector/LowPolyRoadPack/Models/Freeway Join Road.dae using Guid(5548c48b8a63235488a0afe4b462749d) Importer(815301076,1909f56bfc062723c751e8b465ee728b)  -> (artifact id: '626964b61f94c63d144e6f23b68ffe1a') in 0.029722 seconds 
========================================================================
Received Import Request.
  Time since last request: 0.000016 seconds.
  path: Assets/BrokenVector/LowPolyRoadPack/Models/Freeway Join Freeway 2.dae
  artifactKey: Guid(333adb85cff2d42459cd00449998046f) Importer(815301076,1909f56bfc062723c751e8b465ee728b)
Start importing Assets/BrokenVector/LowPolyRoadPack/Models/Freeway Join Freeway 2.dae using Guid(333adb85cff2d42459cd00449998046f) Importer(815301076,1909f56bfc062723c751e8b465ee728b)  -> (artifact id: '3e82104806365e89e3e60b2a8b7a0270') in 0.019296 seconds 
========================================================================
Received Import Request.
  Time since last request: 0.000019 seconds.
  path: Assets/BrokenVector/LowPolyRoadPack/Models/Freeway Curve 2.dae
  artifactKey: Guid(d2b804c3ccb706e469c72128589fb32c) Importer(815301076,1909f56bfc062723c751e8b465ee728b)
Start importing Assets/BrokenVector/LowPolyRoadPack/Models/Freeway Curve 2.dae using Guid(d2b804c3ccb706e469c72128589fb32c) Importer(815301076,1909f56bfc062723c751e8b465ee728b)  -> (artifact id: '26bab0e8f066c36841576fd5879307bf') in 0.020557 seconds 
========================================================================
Received Import Request.
  Time since last request: 0.000018 seconds.
  path: Assets/BrokenVector/LowPolyRoadPack/Models/Freeway Cross Road.dae
  artifactKey: Guid(55ffdfe2a9a2b114ab2e38301ab3c96a) Importer(815301076,1909f56bfc062723c751e8b465ee728b)
Start importing Assets/BrokenVector/LowPolyRoadPack/Models/Freeway Cross Road.dae using Guid(55ffdfe2a9a2b114ab2e38301ab3c96a) Importer(815301076,1909f56bfc062723c751e8b465ee728b)  -> (artifact id: '0dfe57f23e0e9aea91209191ccdfaa9c') in 0.018351 seconds 
========================================================================
Received Import Request.
  Time since last request: 34.865096 seconds.
  path: Assets/ARCADE - FREE Racing Car/Materials/AFRC_Emission.mat
  artifactKey: Guid(ab035d7682921704a9015ac353311d57) Importer(815301076,1909f56bfc062723c751e8b465ee728b)
Start importing Assets/ARCADE - FREE Racing Car/Materials/AFRC_Emission.mat using Guid(ab035d7682921704a9015ac353311d57) Importer(815301076,1909f56bfc062723c751e8b465ee728b)  -> (artifact id: '3d76485c3a2307b3c05fe63791f90202') in 0.031524 seconds 
========================================================================
Received Import Request.
  Time since last request: 0.000017 seconds.
  path: Assets/ARCADE - FREE Racing Car/Materials/Color Variations/AFRC_Mat_Col4.mat
  artifactKey: Guid(104696f8b5f23d24586d858b68916bdc) Importer(815301076,1909f56bfc062723c751e8b465ee728b)
Start importing Assets/ARCADE - FREE Racing Car/Materials/Color Variations/AFRC_Mat_Col4.mat using Guid(104696f8b5f23d24586d858b68916bdc) Importer(815301076,1909f56bfc062723c751e8b465ee728b)  -> (artifact id: 'bb7f6b48ca470701ae9c5ec6ee40c805') in 0.021113 seconds 
========================================================================
Received Import Request.
  Time since last request: 0.000014 seconds.
  path: Assets/ARCADE - FREE Racing Car/Materials/Color Variations/AFRC_Mat_Col3.mat
  artifactKey: Guid(c4c2ee3e832cffd48bb9d156c2b21376) Importer(815301076,1909f56bfc062723c751e8b465ee728b)
Start importing Assets/ARCADE - FREE Racing Car/Materials/Color Variations/AFRC_Mat_Col3.mat using Guid(c4c2ee3e832cffd48bb9d156c2b21376) Importer(815301076,1909f56bfc062723c751e8b465ee728b)  -> (artifact id: '954e101e7d0cb88e49dfe84600b4ee52') in 0.021163 seconds 
========================================================================
Received Import Request.
  Time since last request: 0.000016 seconds.
  path: Assets/BrokenVector/LowPolyRoadPack/Materials/Car Colorscheme 1.mat
  artifactKey: Guid(3889c423b8feed645aeba90d0e940408) Importer(815301076,1909f56bfc062723c751e8b465ee728b)
Start importing Assets/BrokenVector/LowPolyRoadPack/Materials/Car Colorscheme 1.mat using Guid(3889c423b8feed645aeba90d0e940408) Importer(815301076,1909f56bfc062723c751e8b465ee728b)  -> (artifact id: 'c3a1e14d8aa4de5f9c29084021560798') in 0.025813 seconds 
========================================================================
Received Import Request.
  Time since last request: 0.000017 seconds.
  path: Assets/ARCADE - FREE Racing Car/Materials/Color Variations/AFRC_Mat_Col5.mat
  artifactKey: Guid(74196cf5d503c14488ae1ef1dbc6c9a4) Importer(815301076,1909f56bfc062723c751e8b465ee728b)
Start importing Assets/ARCADE - FREE Racing Car/Materials/Color Variations/AFRC_Mat_Col5.mat using Guid(74196cf5d503c14488ae1ef1dbc6c9a4) Importer(815301076,1909f56bfc062723c751e8b465ee728b)  -> (artifact id: 'a0358404f24c5094e8ceb4ac86af7f14') in 0.021270 seconds 
========================================================================
Received Import Request.
  Time since last request: 0.000023 seconds.
  path: Assets/ARCADE - FREE Racing Car/Materials/Color Variations/AFRC_Mat_Col1.mat
  artifactKey: Guid(07f44fe3e9c462146a7769b976c50ec4) Importer(815301076,1909f56bfc062723c751e8b465ee728b)
Start importing Assets/ARCADE - FREE Racing Car/Materials/Color Variations/AFRC_Mat_Col1.mat using Guid(07f44fe3e9c462146a7769b976c50ec4) Importer(815301076,1909f56bfc062723c751e8b465ee728b)  -> (artifact id: 'dc896d951360e691328f582c3526b012') in 0.015431 seconds 
